\BOOKMARK [0][-]{chapter*.2}{\376\377\000P\000r\000e\000f\000a\000c\000e}{}% 1
\BOOKMARK [1][-]{section*.3}{\376\377\000W\000h\000o\000\040\000S\000h\000o\000u\000l\000d\000\040\000R\000e\000a\000d\000\040\000T\000h\000i\000s\000\040\000B\000o\000o\000k\000?}{chapter*.2}% 2
\BOOKMARK [1][-]{section*.4}{\376\377\000H\000o\000w\000\040\000t\000o\000\040\000U\000s\000e\000\040\000T\000h\000i\000s\000\040\000B\000o\000o\000k}{chapter*.2}% 3
\BOOKMARK [1][-]{section*.5}{\376\377\000A\000c\000k\000n\000o\000w\000l\000e\000d\000g\000e\000m\000e\000n\000t\000s}{chapter*.2}% 4
\BOOKMARK [0][-]{chapter.1}{\376\377\000B\000i\000e\000n\000v\000e\000n\000u\000e\000!}{}% 5
\BOOKMARK [1][-]{section*.6}{\376\377\000W\000h\000y\000\040\000D\000a\000t\000a\000\040\000S\000c\000i\000e\000n\000c\000e\000\040\000f\000o\000r\000\040\000S\000e\000n\000s\000o\000r\000y\000\040\000a\000n\000d\000\040\000C\000o\000n\000s\000u\000m\000e\000r\000\040\000S\000c\000i\000e\000n\000c\000e\000?}{chapter.1}% 6
\BOOKMARK [-1][-]{part*.10}{\376\377\000H\000o\000r\000s\000\040\000d\000'\000O\000e\000u\000v\000r\000e\000s}{}% 7
\BOOKMARK [0][-]{chapter.2}{\376\377\000W\000h\000y\000\040\000D\000a\000t\000a\000\040\000S\000c\000i\000e\000n\000c\000e\000?}{part*.10}% 8
\BOOKMARK [1][-]{section.2.1}{\376\377\000H\000i\000s\000t\000o\000r\000y\000\040\000a\000n\000d\000\040\000D\000e\000f\000i\000n\000i\000t\000i\000o\000n}{chapter.2}% 9
\BOOKMARK [1][-]{section.2.2}{\376\377\000B\000e\000n\000e\000f\000i\000t\000s\000\040\000o\000f\000\040\000D\000a\000t\000a\000\040\000S\000c\000i\000e\000n\000c\000e}{chapter.2}% 10
\BOOKMARK [1][-]{section.2.3}{\376\377\000D\000a\000t\000a\000\040\000S\000c\000i\000e\000n\000t\000i\000f\000i\000c\000\040\000W\000o\000r\000k\000f\000l\000o\000w}{chapter.2}% 11
\BOOKMARK [1][-]{section.2.4}{\376\377\000H\000o\000w\000\040\000t\000o\000\040\000L\000e\000a\000r\000n\000\040\000D\000a\000t\000a\000\040\000S\000c\000i\000e\000n\000c\000e}{chapter.2}% 12
\BOOKMARK [1][-]{section.2.5}{\376\377\000C\000a\000u\000t\000i\000o\000n\000s\000:\000\040\000D\000o\000n\000'\000t\000\040\000t\000h\000a\000t\000\040\000E\000v\000e\000r\000y\000b\000o\000d\000y\000\040\000D\000o\000e\000s}{chapter.2}% 13
\BOOKMARK [0][-]{chapter.3}{\376\377\000D\000a\000t\000a\000\040\000M\000a\000n\000i\000p\000u\000l\000a\000t\000i\000o\000n}{part*.10}% 14
\BOOKMARK [1][-]{section.3.1}{\376\377\000T\000i\000d\000y\000i\000n\000g\000\040\000D\000a\000t\000a}{chapter.3}% 15
\BOOKMARK [0][-]{chapter.4}{\376\377\000D\000a\000t\000a\000\040\000V\000i\000s\000u\000a\000l\000i\000z\000a\000t\000i\000o\000n}{part*.10}% 16
\BOOKMARK [1][-]{section.4.1}{\376\377\000D\000e\000s\000i\000g\000n\000\040\000P\000r\000i\000n\000c\000i\000p\000l\000e\000s}{chapter.4}% 17
\BOOKMARK [1][-]{section.4.2}{\376\377\000T\000a\000b\000l\000e\000\040\000M\000a\000k\000i\000n\000g}{chapter.4}% 18
\BOOKMARK [1][-]{section.4.3}{\376\377\000C\000h\000a\000r\000t\000\040\000M\000a\000k\000i\000n\000g}{chapter.4}% 19
\BOOKMARK [0][-]{chapter.5}{\376\377\000A\000u\000t\000o\000m\000a\000t\000e\000d\000\040\000R\000e\000p\000o\000r\000t\000i\000n\000g}{part*.10}% 20
\BOOKMARK [1][-]{section.5.1}{\376\377\000W\000h\000a\000t\000\040\000a\000n\000d\000\040\000w\000h\000y\000\040\000A\000u\000t\000o\000m\000a\000t\000e\000d\000\040\000R\000e\000p\000o\000r\000t\000i\000n\000g\000?}{chapter.5}% 21
\BOOKMARK [1][-]{section.5.2}{\376\377\000I\000n\000t\000e\000g\000r\000a\000t\000i\000n\000g\000\040\000r\000e\000p\000o\000r\000t\000s\000\040\000w\000i\000t\000h\000i\000n\000\040\000a\000n\000a\000l\000y\000s\000e\000s\000\040\000s\000c\000r\000i\000p\000t\000s}{chapter.5}% 22
\BOOKMARK [1][-]{section.5.3}{\376\377\000I\000n\000t\000e\000g\000r\000a\000t\000i\000n\000g\000\040\000a\000n\000a\000l\000y\000s\000e\000s\000\040\000s\000c\000r\000i\000p\000t\000s\000\040\000w\000i\000t\000h\000i\000n\000\040\000r\000e\000p\000o\000r\000t\000i\000n\000g\000\040\000t\000o\000o\000l\000s}{chapter.5}% 23
\BOOKMARK [1][-]{section.5.4}{\376\377\000T\000o\000\040\000g\000o\000\040\000f\000u\000r\000t\000h\000e\000r\040\046}{chapter.5}% 24
\BOOKMARK [-1][-]{part*.11}{\376\377\000B\000o\000n\000\040\000A\000p\000p\000\351\000t\000i\000t}{}% 25
\BOOKMARK [0][-]{chapter.6}{\376\377\000E\000x\000a\000m\000p\000l\000e\000\040\000P\000r\000o\000j\000e\000c\000t\000:\000\040\000T\000h\000e\000\040\000B\000i\000s\000c\000u\000i\000t\000\040\000S\000t\000u\000d\000y}{part*.11}% 26
\BOOKMARK [1][-]{section.6.1}{\376\377\000P\000r\000o\000d\000u\000c\000t\000s}{chapter.6}% 27
\BOOKMARK [1][-]{section.6.2}{\376\377\000C\000o\000n\000s\000u\000m\000e\000r\000\040\000t\000e\000s\000t}{chapter.6}% 28
\BOOKMARK [1][-]{section.6.3}{\376\377\000S\000e\000n\000s\000o\000r\000y\000\040\000d\000e\000s\000c\000r\000i\000p\000t\000i\000v\000e\000\040\000a\000n\000a\000l\000y\000s\000i\000s\000\040\000d\000a\000t\000a}{chapter.6}% 29
\BOOKMARK [1][-]{section.6.4}{\376\377\000S\000u\000m\000m\000a\000r\000y\000\040\000o\000f\000\040\000t\000h\000e\000\040\000d\000a\000t\000a\000s\000e\000t\000s}{chapter.6}% 30
\BOOKMARK [0][-]{chapter.7}{\376\377\000D\000a\000t\000a\000\040\000C\000o\000l\000l\000e\000c\000t\000i\000o\000n}{part*.11}% 31
\BOOKMARK [1][-]{section.7.1}{\376\377\000D\000e\000s\000i\000g\000n}{chapter.7}% 32
\BOOKMARK [1][-]{section.7.2}{\376\377\000E\000x\000e\000c\000u\000t\000e}{chapter.7}% 33
\BOOKMARK [1][-]{section.7.3}{\376\377\000I\000m\000p\000o\000r\000t}{chapter.7}% 34
\BOOKMARK [0][-]{chapter.8}{\376\377\000D\000a\000t\000a\000\040\000P\000r\000e\000p\000a\000r\000a\000t\000i\000o\000n}{part*.11}% 35
\BOOKMARK [1][-]{section.8.1}{\376\377\000I\000n\000s\000p\000e\000c\000t}{chapter.8}% 36
\BOOKMARK [1][-]{section.8.2}{\376\377\000C\000l\000e\000a\000n}{chapter.8}% 37
\BOOKMARK [0][-]{chapter.9}{\376\377\000D\000a\000t\000a\000\040\000A\000n\000a\000l\000y\000s\000i\000s}{part*.11}% 38
\BOOKMARK [1][-]{section.9.1}{\376\377\000S\000e\000n\000s\000o\000r\000y\000\040\000D\000a\000t\000a}{chapter.9}% 39
\BOOKMARK [1][-]{section.9.2}{\376\377\000D\000e\000m\000o\000g\000r\000a\000p\000h\000i\000c\000\040\000a\000n\000d\000\040\000Q\000u\000e\000s\000t\000i\000o\000n\000n\000a\000i\000r\000e\000\040\000D\000a\000t\000a}{chapter.9}% 40
\BOOKMARK [1][-]{section.9.3}{\376\377\000C\000o\000n\000s\000u\000m\000e\000r\000\040\000D\000a\000t\000a}{chapter.9}% 41
\BOOKMARK [1][-]{section.9.4}{\376\377\000C\000o\000m\000b\000i\000n\000i\000n\000g\000\040\000S\000e\000n\000s\000o\000r\000y\000\040\000a\000n\000d\000\040\000C\000o\000n\000s\000u\000m\000e\000r\000\040\000D\000a\000t\000a}{chapter.9}% 42
\BOOKMARK [0][-]{chapter.10}{\376\377\000V\000a\000l\000u\000e\000\040\000D\000e\000l\000i\000v\000e\000r\000y}{part*.11}% 43
\BOOKMARK [1][-]{section.10.1}{\376\377\000C\000o\000m\000m\000u\000n\000i\000c\000a\000t\000e}{chapter.10}% 44
\BOOKMARK [1][-]{section.10.2}{\376\377\000R\000e\000f\000o\000r\000m\000u\000l\000a\000t\000e}{chapter.10}% 45
\BOOKMARK [-1][-]{part*.12}{\376\377\000H\000a\000u\000t\000e\000\040\000C\000u\000i\000s\000i\000n\000e}{}% 46
\BOOKMARK [0][-]{chapter.11}{\376\377\000M\000a\000c\000h\000i\000n\000e\000\040\000L\000e\000a\000r\000n\000i\000n\000g}{part*.12}% 47
\BOOKMARK [1][-]{section.11.1}{\376\377\000O\000v\000e\000r\000v\000i\000e\000w}{chapter.11}% 48
\BOOKMARK [1][-]{section.11.2}{\376\377\000K\000e\000y\000\040\000T\000o\000p\000i\000c\000s}{chapter.11}% 49
\BOOKMARK [1][-]{section.11.3}{\376\377\000C\000o\000m\000m\000o\000n\000\040\000A\000p\000p\000l\000i\000c\000a\000t\000i\000o\000n\000s}{chapter.11}% 50
\BOOKMARK [1][-]{section.11.4}{\376\377\000C\000o\000d\000e\000\040\000E\000x\000a\000m\000p\000l\000e\000s}{chapter.11}% 51
\BOOKMARK [0][-]{chapter.12}{\376\377\000T\000e\000x\000t\000\040\000A\000n\000a\000l\000y\000s\000i\000s}{part*.12}% 52
\BOOKMARK [1][-]{section.12.1}{\376\377\000O\000v\000e\000r\000v\000i\000e\000w}{chapter.12}% 53
\BOOKMARK [1][-]{section.12.2}{\376\377\000K\000e\000y\000\040\000T\000o\000p\000i\000c\000s}{chapter.12}% 54
\BOOKMARK [1][-]{section.12.3}{\376\377\000C\000o\000m\000m\000o\000n\000\040\000A\000p\000p\000l\000i\000c\000a\000t\000i\000o\000n\000s}{chapter.12}% 55
\BOOKMARK [1][-]{section.12.4}{\376\377\000C\000o\000d\000e\000\040\000E\000x\000a\000m\000p\000l\000e\000s}{chapter.12}% 56
\BOOKMARK [0][-]{chapter.13}{\376\377\000L\000i\000n\000e\000a\000r\000\040\000P\000r\000o\000g\000r\000a\000m\000m\000i\000n\000g}{part*.12}% 57
\BOOKMARK [1][-]{section.13.1}{\376\377\000O\000v\000e\000r\000v\000i\000e\000w}{chapter.13}% 58
\BOOKMARK [1][-]{section.13.2}{\376\377\000C\000o\000m\000m\000o\000n\000\040\000A\000p\000p\000l\000i\000c\000a\000t\000i\000o\000n\000s}{chapter.13}% 59
\BOOKMARK [1][-]{section.13.3}{\376\377\000C\000o\000d\000e\000\040\000E\000x\000a\000m\000p\000l\000e\000s}{chapter.13}% 60
\BOOKMARK [0][-]{chapter.14}{\376\377\000D\000a\000s\000h\000b\000o\000a\000r\000d\000s}{part*.12}% 61
\BOOKMARK [0][-]{chapter.15}{\376\377\000G\000r\000a\000p\000h\000\040\000D\000a\000t\000a\000b\000a\000s\000e\000s}{part*.12}% 62
\BOOKMARK [0][-]{appendix.A}{\376\377\000A\000p\000\351\000r\000i\000t\000i\000f\000s\000\040\000\050\000G\000e\000t\000t\000i\000n\000g\000\040\000S\000t\000a\000r\000t\000e\000d\000\051}{part*.12}% 63
\BOOKMARK [1][-]{section.A.1}{\376\377\000R}{appendix.A}% 64
\BOOKMARK [1][-]{section.A.2}{\376\377\000W\000h\000y\000\040\000R\000?}{appendix.A}% 65
\BOOKMARK [1][-]{section.A.3}{\376\377\000R\000S\000t\000u\000d\000i\000o}{appendix.A}% 66
\BOOKMARK [1][-]{section.A.4}{\376\377\000G\000i\000t\000\040\000a\000n\000d\000\040\000G\000i\000t\000H\000u\000b}{appendix.A}% 67
\BOOKMARK [1][-]{section.A.5}{\376\377\000R\000A\000W\000\040\000M\000A\000T\000E\000R\000I\000A\000L}{appendix.A}% 68
\BOOKMARK [0][-]{appendix.B}{\376\377\000D\000i\000g\000e\000s\000t\000i\000f\000s\000\040\000\050\000N\000e\000x\000t\000\040\000S\000t\000e\000p\000s\000\051}{part*.12}% 69
\BOOKMARK [1][-]{section.B.1}{\376\377\000S\000e\000n\000s\000o\000r\000y\000\040\000A\000n\000a\000l\000y\000s\000i\000s\000\040\000i\000n\000\040\000R}{appendix.B}% 70
\BOOKMARK [1][-]{section.B.2}{\376\377\000O\000t\000h\000e\000r\000\040\000R\000e\000c\000o\000m\000m\000e\000n\000d\000e\000d\000\040\000R\000e\000s\000o\000u\000r\000c\000e\000s}{appendix.B}% 71
\BOOKMARK [1][-]{section.B.3}{\376\377\000P\000y\000t\000h\000o\000n\000\040\000a\000n\000d\000\040\000O\000t\000h\000e\000r\000\040\000L\000a\000n\000g\000u\000a\000g\000e\000s}{appendix.B}% 72
\BOOKMARK [0][-]{appendix*.13}{\376\377\000B\000i\000b\000l\000i\000o\000g\000r\000a\000p\000h\000y}{part*.12}% 73
